<?xml version="1.0" encoding="UTF-8"?>
<testng-results ignored="0" total="6" passed="6" failed="0" skipped="0">
  <reporter-output>
  </reporter-output>
  <suite started-at="2024-08-30T22:38:04 IST" name="Default suite" finished-at="2024-08-30T22:39:19 IST" duration-ms="74502">
    <groups>
      <group name="cucumber">
        <method signature="AbstractTestNGCucumberTests.runScenario(io.cucumber.testng.PickleWrapper,io.cucumber.testng.FeatureWrapper)[pri:0, instance:com.cura.runners.TestRunner@740fb309]" name="runScenario" class="io.cucumber.testng.AbstractTestNGCucumberTests"/>
      </group> <!-- cucumber -->
    </groups>
    <test started-at="2024-08-30T22:38:04 IST" name="Default test" finished-at="2024-08-30T22:39:19 IST" duration-ms="74502">
      <class name="com.cura.runners.TestRunner">
        <test-method is-config="true" signature="setUpClass(org.testng.ITestContext)[pri:0, instance:com.cura.runners.TestRunner@740fb309]" started-at="2024-08-30T22:38:04 IST" name="setUpClass" finished-at="2024-08-30T22:38:05 IST" duration-ms="911" status="PASS">
          <params>
            <param index="0">
              <value>
                <![CDATA[org.testng.TestRunner@39342614]]>
              </value>
            </param>
          </params>
          <reporter-output>
          </reporter-output>
        </test-method> <!-- setUpClass -->
        <test-method signature="runScenario(io.cucumber.testng.PickleWrapper,io.cucumber.testng.FeatureWrapper)[pri:0, instance:com.cura.runners.TestRunner@740fb309]" started-at="2024-08-30T22:38:05 IST" name="runScenario" description="Runs Cucumber Scenarios" data-provider="scenarios" finished-at="2024-08-30T22:38:23 IST" duration-ms="17604" status="PASS">
          <params>
            <param index="0">
              <value>
                <![CDATA["Fill the form and Appointment Confirmation"]]>
              </value>
            </param>
            <param index="1">
              <value>
                <![CDATA["Appointment Confirmation"]]>
              </value>
            </param>
          </params>
          <reporter-output>
          </reporter-output>
        </test-method> <!-- runScenario -->
        <test-method signature="runScenario(io.cucumber.testng.PickleWrapper,io.cucumber.testng.FeatureWrapper)[pri:0, instance:com.cura.runners.TestRunner@740fb309]" started-at="2024-08-30T22:38:23 IST" name="runScenario" description="Runs Cucumber Scenarios" data-provider="scenarios" finished-at="2024-08-30T22:38:42 IST" duration-ms="19000" status="PASS">
          <params>
            <param index="0">
              <value>
                <![CDATA["Successful login with valid credentials"]]>
              </value>
            </param>
            <param index="1">
              <value>
                <![CDATA["Login"]]>
              </value>
            </param>
          </params>
          <reporter-output>
          </reporter-output>
        </test-method> <!-- runScenario -->
        <test-method signature="runScenario(io.cucumber.testng.PickleWrapper,io.cucumber.testng.FeatureWrapper)[pri:0, instance:com.cura.runners.TestRunner@740fb309]" started-at="2024-08-30T22:38:42 IST" name="runScenario" description="Runs Cucumber Scenarios" data-provider="scenarios" finished-at="2024-08-30T22:38:58 IST" duration-ms="16265" status="PASS">
          <params>
            <param index="0">
              <value>
                <![CDATA["login with invalid credentials"]]>
              </value>
            </param>
            <param index="1">
              <value>
                <![CDATA["Login"]]>
              </value>
            </param>
          </params>
          <reporter-output>
          </reporter-output>
        </test-method> <!-- runScenario -->
        <test-method signature="runScenario(io.cucumber.testng.PickleWrapper,io.cucumber.testng.FeatureWrapper)[pri:0, instance:com.cura.runners.TestRunner@740fb309]" started-at="2024-08-30T22:38:58 IST" name="runScenario" description="Runs Cucumber Scenarios" data-provider="scenarios" finished-at="2024-08-30T22:39:05 IST" duration-ms="6517" status="PASS">
          <params>
            <param index="0">
              <value>
                <![CDATA["User Navigating to the History Page"]]>
              </value>
            </param>
            <param index="1">
              <value>
                <![CDATA["History Page Verification"]]>
              </value>
            </param>
          </params>
          <reporter-output>
          </reporter-output>
        </test-method> <!-- runScenario -->
        <test-method signature="runScenario(io.cucumber.testng.PickleWrapper,io.cucumber.testng.FeatureWrapper)[pri:0, instance:com.cura.runners.TestRunner@740fb309]" started-at="2024-08-30T22:39:05 IST" name="runScenario" description="Runs Cucumber Scenarios" data-provider="scenarios" finished-at="2024-08-30T22:39:13 IST" duration-ms="7883" status="PASS">
          <params>
            <param index="0">
              <value>
                <![CDATA["Check That The User is able to Logout"]]>
              </value>
            </param>
            <param index="1">
              <value>
                <![CDATA["Logout feature"]]>
              </value>
            </param>
          </params>
          <reporter-output>
          </reporter-output>
        </test-method> <!-- runScenario -->
        <test-method signature="runScenario(io.cucumber.testng.PickleWrapper,io.cucumber.testng.FeatureWrapper)[pri:0, instance:com.cura.runners.TestRunner@740fb309]" started-at="2024-08-30T22:39:13 IST" name="runScenario" description="Runs Cucumber Scenarios" data-provider="scenarios" finished-at="2024-08-30T22:39:19 IST" duration-ms="6249" status="PASS">
          <params>
            <param index="0">
              <value>
                <![CDATA["User navigating to Profile Page"]]>
              </value>
            </param>
            <param index="1">
              <value>
                <![CDATA["Profile Page Verification"]]>
              </value>
            </param>
          </params>
          <reporter-output>
          </reporter-output>
        </test-method> <!-- runScenario -->
        <test-method is-config="true" signature="tearDownClass()[pri:0, instance:com.cura.runners.TestRunner@740fb309]" started-at="2024-08-30T22:39:19 IST" name="tearDownClass" finished-at="2024-08-30T22:39:19 IST" duration-ms="29" status="PASS">
          <reporter-output>
          </reporter-output>
        </test-method> <!-- tearDownClass -->
      </class> <!-- com.cura.runners.TestRunner -->
    </test> <!-- Default test -->
  </suite> <!-- Default suite -->
</testng-results>
