<?xml version="1.0" encoding="UTF-8"?>
<testng-results ignored="0" total="5" passed="5" failed="0" skipped="0">
  <reporter-output>
  </reporter-output>
  <suite started-at="2024-09-03T15:51:31 IST" name="SeleniumEcommerceAutomation" finished-at="2024-09-03T15:51:48 IST" duration-ms="16816">
    <groups>
    </groups>
    <test started-at="2024-09-03T15:51:31 IST" name="Functional Tests" finished-at="2024-09-03T15:51:48 IST" duration-ms="16816">
      <class name="tests.LoginTest">
        <test-method is-config="true" signature="setUp()[pri:0, instance:tests.LoginTest@22f31dec]" started-at="2024-09-03T15:51:31 IST" name="setUp" finished-at="2024-09-03T15:51:34 IST" duration-ms="3298" status="PASS">
          <reporter-output>
          </reporter-output>
        </test-method> <!-- setUp -->
        <test-method signature="testInvalidLogin()[pri:0, instance:tests.LoginTest@22f31dec]" started-at="2024-09-03T15:51:34 IST" name="testInvalidLogin" finished-at="2024-09-03T15:51:35 IST" duration-ms="358" status="PASS">
          <reporter-output>
          </reporter-output>
        </test-method> <!-- testInvalidLogin -->
        <test-method is-config="true" signature="tearDown()[pri:0, instance:tests.LoginTest@22f31dec]" started-at="2024-09-03T15:51:35 IST" name="tearDown" finished-at="2024-09-03T15:51:35 IST" duration-ms="288" status="PASS">
          <reporter-output>
          </reporter-output>
        </test-method> <!-- tearDown -->
        <test-method is-config="true" signature="setUp()[pri:0, instance:tests.LoginTest@22f31dec]" started-at="2024-09-03T15:51:35 IST" name="setUp" finished-at="2024-09-03T15:51:37 IST" duration-ms="1561" status="PASS">
          <reporter-output>
          </reporter-output>
        </test-method> <!-- setUp -->
        <test-method signature="testValidLogin()[pri:0, instance:tests.LoginTest@22f31dec]" started-at="2024-09-03T15:51:37 IST" name="testValidLogin" finished-at="2024-09-03T15:51:37 IST" duration-ms="387" status="PASS">
          <reporter-output>
          </reporter-output>
        </test-method> <!-- testValidLogin -->
        <test-method is-config="true" signature="tearDown()[pri:0, instance:tests.LoginTest@22f31dec]" started-at="2024-09-03T15:51:37 IST" name="tearDown" finished-at="2024-09-03T15:51:37 IST" duration-ms="261" status="PASS">
          <reporter-output>
          </reporter-output>
        </test-method> <!-- tearDown -->
      </class> <!-- tests.LoginTest -->
      <class name="tests.UITest">
        <test-method is-config="true" signature="setUp()[pri:0, instance:tests.UITest@1c481ff2]" started-at="2024-09-03T15:51:40 IST" name="setUp" finished-at="2024-09-03T15:51:41 IST" duration-ms="1601" status="PASS">
          <reporter-output>
          </reporter-output>
        </test-method> <!-- setUp -->
        <test-method signature="testPageTitle()[pri:0, instance:tests.UITest@1c481ff2]" started-at="2024-09-03T15:51:41 IST" name="testPageTitle" finished-at="2024-09-03T15:51:41 IST" duration-ms="106" status="PASS">
          <reporter-output>
          </reporter-output>
        </test-method> <!-- testPageTitle -->
        <test-method is-config="true" signature="tearDown()[pri:0, instance:tests.UITest@1c481ff2]" started-at="2024-09-03T15:51:41 IST" name="tearDown" finished-at="2024-09-03T15:51:42 IST" duration-ms="401" status="PASS">
          <reporter-output>
          </reporter-output>
        </test-method> <!-- tearDown -->
      </class> <!-- tests.UITest -->
      <class name="tests.FunctionalTest">
        <test-method is-config="true" signature="setUp()[pri:0, instance:tests.FunctionalTest@740d2e78]" started-at="2024-09-03T15:51:37 IST" name="setUp" finished-at="2024-09-03T15:51:39 IST" duration-ms="1434" status="PASS">
          <reporter-output>
          </reporter-output>
        </test-method> <!-- setUp -->
        <test-method signature="testAddProductToCartAndCheckout()[pri:0, instance:tests.FunctionalTest@740d2e78]" started-at="2024-09-03T15:51:39 IST" name="testAddProductToCartAndCheckout" finished-at="2024-09-03T15:51:40 IST" duration-ms="848" status="PASS">
          <reporter-output>
          </reporter-output>
        </test-method> <!-- testAddProductToCartAndCheckout -->
        <test-method is-config="true" signature="tearDown()[pri:0, instance:tests.FunctionalTest@740d2e78]" started-at="2024-09-03T15:51:40 IST" name="tearDown" finished-at="2024-09-03T15:51:40 IST" duration-ms="245" status="PASS">
          <reporter-output>
          </reporter-output>
        </test-method> <!-- tearDown -->
      </class> <!-- tests.FunctionalTest -->
      <class name="tests.FormValidationTest">
        <test-method is-config="true" signature="setUp()[pri:0, instance:tests.FormValidationTest@72437d8d]" started-at="2024-09-03T15:51:42 IST" name="setUp" finished-at="2024-09-03T15:51:44 IST" duration-ms="2416" status="PASS">
          <reporter-output>
          </reporter-output>
        </test-method> <!-- setUp -->
        <test-method signature="testFormValidation()[pri:0, instance:tests.FormValidationTest@72437d8d]" started-at="2024-09-03T15:51:44 IST" name="testFormValidation" finished-at="2024-09-03T15:51:46 IST" duration-ms="1919" status="PASS">
          <reporter-output>
          </reporter-output>
        </test-method> <!-- testFormValidation -->
        <test-method is-config="true" signature="tearDown()[pri:0, instance:tests.FormValidationTest@72437d8d]" started-at="2024-09-03T15:51:46 IST" name="tearDown" finished-at="2024-09-03T15:51:48 IST" duration-ms="1518" status="PASS">
          <reporter-output>
          </reporter-output>
        </test-method> <!-- tearDown -->
      </class> <!-- tests.FormValidationTest -->
    </test> <!-- Functional Tests -->
  </suite> <!-- SeleniumEcommerceAutomation -->
</testng-results>
