<?xml version="1.0" encoding="UTF-8"?>
<testng-results ignored="0" total="2" passed="2" failed="0" skipped="0">
  <reporter-output>
  </reporter-output>
  <suite started-at="2024-08-17T16:18:54 IST" name="Surefire suite" finished-at="2024-08-17T16:19:14 IST" duration-ms="20765">
    <groups>
      <group name="cucumber">
        <method signature="AbstractTestNGCucumberTests.runScenario(io.cucumber.testng.PickleWrapper,io.cucumber.testng.FeatureWrapper)[pri:0, instance:com.cura.runners.TestRunner@7bd4937b]" name="runScenario" class="io.cucumber.testng.AbstractTestNGCucumberTests"/>
      </group> <!-- cucumber -->
    </groups>
    <test started-at="2024-08-17T16:18:54 IST" name="Surefire test" finished-at="2024-08-17T16:19:14 IST" duration-ms="20765">
      <class name="com.cura.runners.TestRunner">
        <test-method is-config="true" signature="setUpClass(org.testng.ITestContext)[pri:0, instance:com.cura.runners.TestRunner@7bd4937b]" started-at="2024-08-17T16:18:54 IST" name="setUpClass" finished-at="2024-08-17T16:18:54 IST" duration-ms="505" status="PASS">
          <params>
            <param index="0">
              <value>
                <![CDATA[org.testng.TestRunner@d16209e]]>
              </value>
            </param>
          </params>
          <reporter-output>
          </reporter-output>
        </test-method> <!-- setUpClass -->
        <test-method signature="runScenario(io.cucumber.testng.PickleWrapper,io.cucumber.testng.FeatureWrapper)[pri:0, instance:com.cura.runners.TestRunner@7bd4937b]" started-at="2024-08-17T16:18:54 IST" name="runScenario" description="Runs Cucumber Scenarios" data-provider="scenarios" finished-at="2024-08-17T16:19:06 IST" duration-ms="11710" status="PASS">
          <params>
            <param index="0">
              <value>
                <![CDATA["Fill the form and Appointment Confirmation"]]>
              </value>
            </param>
            <param index="1">
              <value>
                <![CDATA["Appointment Confirmation"]]>
              </value>
            </param>
          </params>
          <reporter-output>
          </reporter-output>
        </test-method> <!-- runScenario -->
        <test-method signature="runScenario(io.cucumber.testng.PickleWrapper,io.cucumber.testng.FeatureWrapper)[pri:0, instance:com.cura.runners.TestRunner@7bd4937b]" started-at="2024-08-17T16:19:06 IST" name="runScenario" description="Runs Cucumber Scenarios" data-provider="scenarios" finished-at="2024-08-17T16:19:14 IST" duration-ms="8459" status="PASS">
          <params>
            <param index="0">
              <value>
                <![CDATA["Successful login with valid credentials"]]>
              </value>
            </param>
            <param index="1">
              <value>
                <![CDATA["Login"]]>
              </value>
            </param>
          </params>
          <reporter-output>
          </reporter-output>
        </test-method> <!-- runScenario -->
        <test-method is-config="true" signature="tearDownClass()[pri:0, instance:com.cura.runners.TestRunner@7bd4937b]" started-at="2024-08-17T16:19:14 IST" name="tearDownClass" finished-at="2024-08-17T16:19:14 IST" duration-ms="55" status="PASS">
          <reporter-output>
          </reporter-output>
        </test-method> <!-- tearDownClass -->
      </class> <!-- com.cura.runners.TestRunner -->
    </test> <!-- Surefire test -->
  </suite> <!-- Surefire suite -->
</testng-results>
