<?xml version="1.0" encoding="UTF-8"?>
<testsuite xmlns:xsi="http://www.w3.org/2001/XMLSchema-instance" xsi:noNamespaceSchemaLocation="https://maven.apache.org/surefire/maven-surefire-plugin/xsd/surefire-test-report-3.0.xsd" version="3.0" name="com.cura.runners.TestRunner" time="21.198" tests="2" errors="0" skipped="0" failures="0">
  <properties>
[...]
</properties>
  <testcase name="runScenario[&quot;Fill the form and Appointment Confirmation&quot;, &quot;Appointment Confirmation&quot;](1)" classname="com.cura.runners.TestRunner" time="11.71">
    <system-out><![CDATA[
@Booking
Scenario: Fill the form and Appointment Confirmation                 &amp#27;[90m# src/test/resources/features/AppointmentFormFilling.feature:5&amp#27;[0m
  &amp#27;[32mGiven &amp#27;[0m&amp#27;[32mUser is on home page&amp#27;[0m                                         &amp#27;[90m# com.cura.stepdefinitions.AppointmentFormFilling.user_is_on_home_page()&amp#27;[0m
  &amp#27;[32mWhen &amp#27;[0m&amp#27;[32mUser Select The Facility as &amp#27;[0m&amp#27;[32m&amp#27;[1m"Hongkong CURA Healthcare Center"&amp#27;[0m &amp#27;[90m# com.cura.stepdefinitions.AppointmentFormFilling.user_select_the_facility_as(java.lang.String)&amp#27;[0m
  &amp#27;[32mAnd &amp#27;[0m&amp#27;[32mUser Click on Checkbox&amp#27;[0m                                         &amp#27;[90m# com.cura.stepdefinitions.AppointmentFormFilling.user_click_on_checkbox()&amp#27;[0m
  &amp#27;[32mAnd &amp#27;[0m&amp#27;[32mUser Select Health program RadioButton&amp#27;[0m                         &amp#27;[90m# com.cura.stepdefinitions.AppointmentFormFilling.user_select_health_program_radio_button()&amp#27;[0m
  &amp#27;[32mAnd &amp#27;[0m&amp#27;[32mUser Enters the Date as &amp#27;[0m&amp#27;[32m&amp#27;[1m"20/05/2024"&amp#27;[0m                           &amp#27;[90m# com.cura.stepdefinitions.AppointmentFormFilling.user_enters_the_date_as(java.lang.String)&amp#27;[0m
  &amp#27;[32mAnd &amp#27;[0m&amp#27;[32mUser Enters The Comment As &amp#27;[0m&amp#27;[32m&amp#27;[1m"HEY I NEED A APPOINTMENT"&amp#27;[0m          &amp#27;[90m# com.cura.stepdefinitions.AppointmentFormFilling.user_enters_the_comment_as(java.lang.String)&amp#27;[0m
  &amp#27;[32mAnd &amp#27;[0m&amp#27;[32mClick on BookAppointment&amp#27;[0m                                       &amp#27;[90m# com.cura.stepdefinitions.AppointmentFormFilling.click_on_book_appointment()&amp#27;[0m
  &amp#27;[32mThen &amp#27;[0m&amp#27;[32mAppointment Should be Confirmed&amp#27;[0m                               &amp#27;[90m# com.cura.stepdefinitions.AppointmentFormFilling.appointment_should_be_confirmed()&amp#27;[0m
]]></system-out>
    <system-err><![CDATA[SLF4J: Failed to load class "org.slf4j.impl.StaticLoggerBinder".
SLF4J: Defaulting to no-operation (NOP) logger implementation
SLF4J: See http://www.slf4j.org/codes.html#StaticLoggerBinder for further details.
Starting ChromeDriver 127.0.6533.119 (bdef6783a05f0b3f885591e7d2c7b2aec1a89dea-refs/branch-heads/6533@{#1999}) on port 47088
Only local connections are allowed.
Please see https://chromedriver.chromium.org/security-considerations for suggestions on keeping ChromeDriver safe.
ChromeDriver was started successfully.
Aug 17, 2024 4:18:57 PM org.openqa.selenium.devtools.CdpVersionFinder findNearestMatch
WARNING: Unable to find CDP implementation matching 127
Aug 17, 2024 4:18:57 PM org.openqa.selenium.chromium.ChromiumDriver lambda$new$3
WARNING: Unable to find version of CDP to use for . You may need to include a dependency on a specific version of the CDP using something similar to `org.seleniumhq.selenium:selenium-devtools-v86:4.9.0` where the version ("v86") matches the version of the chromium-based browser you're using and the version number of the artifact is the same as Selenium's.
]]></system-err>
  </testcase>
  <testcase name="runScenario[&quot;Successful login with valid credentials&quot;, &quot;Login&quot;](2)" classname="com.cura.runners.TestRunner" time="8.458">
    <system-out><![CDATA[
@Login
Scenario: Successful login with valid credentials      &amp#27;[90m# src/test/resources/features/Login.feature:4&amp#27;[0m
  &amp#27;[32mGiven &amp#27;[0m&amp#27;[32mUser is on Login page&amp#27;[0m                          &amp#27;[90m# com.cura.stepdefinitions.LoginStep.user_is_on_login_page()&amp#27;[0m
  &amp#27;[32mWhen &amp#27;[0m&amp#27;[32mUser enters &amp#27;[0m&amp#27;[32m&amp#27;[1m"John Doe"&amp#27;[0m&amp#27;[32m and &amp#27;[0m&amp#27;[32m&amp#27;[1m"ThisIsNotAPassword"&amp#27;[0m &amp#27;[90m# com.cura.stepdefinitions.LoginStep.user_enters_and(java.lang.String,java.lang.String)&amp#27;[0m
  &amp#27;[32mThen &amp#27;[0m&amp#27;[32mUser is navigated to the home page&amp#27;[0m              &amp#27;[90m# com.cura.stepdefinitions.LoginStep.user_is_navigated_to_the_home_page()&amp#27;[0m
]]></system-out>
    <system-err><![CDATA[Starting ChromeDriver 127.0.6533.119 (bdef6783a05f0b3f885591e7d2c7b2aec1a89dea-refs/branch-heads/6533@{#1999}) on port 33332
Only local connections are allowed.
Please see https://chromedriver.chromium.org/security-considerations for suggestions on keeping ChromeDriver safe.
ChromeDriver was started successfully.
Aug 17, 2024 4:19:07 PM org.openqa.selenium.devtools.CdpVersionFinder findNearestMatch
WARNING: Unable to find CDP implementation matching 127
Aug 17, 2024 4:19:07 PM org.openqa.selenium.chromium.ChromiumDriver lambda$new$3
WARNING: Unable to find version of CDP to use for . You may need to include a dependency on a specific version of the CDP using something similar to `org.seleniumhq.selenium:selenium-devtools-v86:4.9.0` where the version ("v86") matches the version of the chromium-based browser you're using and the version number of the artifact is the same as Selenium's.
]]></system-err>
  </testcase>
</testsuite>