<?xml version="1.0" encoding="UTF-8"?>
<!-- Generated by org.testng.reporters.JUnitXMLReporter -->
<testsuite ignored="0" hostname="DESKTOP-62F1I6C" failures="0" tests="5" name="Functional Tests" time="16.816" errors="0" timestamp="2024-09-03T15:51:48 IST">
  <testcase classname="tests.LoginTest" name="testInvalidLogin" time="0.358"/>
  <testcase classname="tests.LoginTest" name="testValidLogin" time="0.387"/>
  <testcase classname="tests.FunctionalTest" name="testAddProductToCartAndCheckout" time="0.848"/>
  <testcase classname="tests.UITest" name="testPageTitle" time="0.106"/>
  <testcase classname="tests.FormValidationTest" name="testFormValidation" time="1.919"/>
</testsuite> <!-- Functional Tests -->
